2026-05-10 13:17:18,496 [INFO] [SYSTEM] Bootstrapping GemmaForge Orchestrator...
2026-05-10 13:18:20,406 [INFO] [SYSTEM] Tearing down connections...
2026-05-10 13:20:54,257 [INFO] [SYSTEM] Bootstrapping GemmaForge Orchestrator...
2026-05-10 13:20:56,942 [INFO] [SERP] Fetching top organic results for 'asyncio'...
2026-05-10 13:20:58,399 [INFO] [AI-GAP] Analyzing Competitor Gaps with Gemma 26B MoE...
2026-05-10 13:20:58,399 [ERROR] [PIPELINE FATAL] 'PublisherConfig' object has no attribute 'GROQ_API_KEY'
2026-05-10 13:21:30,579 [INFO] [SERP] Fetching top organic results for 'redis'...
2026-05-10 13:21:31,067 [INFO] [AI-GAP] Analyzing Competitor Gaps with Gemma 26B MoE...
2026-05-10 13:21:31,067 [ERROR] [PIPELINE FATAL] 'PublisherConfig' object has no attribute 'GROQ_API_KEY'
2026-05-10 13:31:51,665 [INFO] [SERP] Fetching top organic results for 'redis'...
2026-05-10 13:31:52,245 [INFO] [AI-GAP] Analyzing Competitor Gaps with Gemma 26B MoE...
2026-05-10 13:31:52,245 [ERROR] [PIPELINE FATAL] 'PublisherConfig' object has no attribute 'GROQ_API_KEY'
2026-05-10 13:32:12,381 [INFO] [SYSTEM] Tearing down connections...
2026-05-10 13:35:44,256 [INFO] [SYSTEM] Bootstrapping GemmaForge Orchestrator...
2026-05-10 13:36:02,534 [INFO] [SERP] Fetching top organic results for 'redis'...
2026-05-10 13:36:03,124 [INFO] [AI-GAP] Analyzing Competitor Gaps with Gemma 26B MoE...
2026-05-10 13:36:03,124 [ERROR] [PIPELINE FATAL] 'PublisherConfig' object has no attribute 'GROQ_API_KEY'
2026-05-10 13:37:16,225 [INFO] [SYSTEM] Tearing down connections...
2026-05-10 13:37:19,260 [INFO] [SYSTEM] Bootstrapping GemmaForge Orchestrator...
2026-05-10 13:38:11,342 [INFO] [SYSTEM] Tearing down connections...
2026-05-10 13:38:14,126 [INFO] [SYSTEM] Bootstrapping GemmaForge Orchestrator...
2026-05-10 13:38:32,072 [INFO] [SERP] Fetching top organic results for 'redis'...
2026-05-10 13:38:32,635 [INFO] [AI-GAP] Analyzing Competitor Gaps with Gemma 26B MoE...
2026-05-10 13:38:32,964 [ERROR] [AI-CORE] Inference Exception: Cannot connect to host api.gemma4-hackathon.com:443 ssl:default [getaddrinfo failed]
2026-05-10 13:38:32,965 [INFO] [AI-PLANNER] Designing Blueprint with Gemma 26B MoE...
2026-05-10 13:38:32,966 [ERROR] [AI-CORE] Inference Exception: Cannot connect to host api.gemma4-hackathon.com:443 ssl:default [getaddrinfo failed]
2026-05-10 13:38:32,966 [INFO] [AI-WRITER] Generating HTML Content with Gemma 31B Dense...
2026-05-10 13:38:32,967 [ERROR] [AI-CORE] Inference Exception: Cannot connect to host api.gemma4-hackathon.com:443 ssl:default [getaddrinfo failed]
2026-05-10 13:38:32,967 [INFO] [AI-SYNDICATOR] Synthesizing summary with Gemma 4B...
2026-05-10 13:38:32,968 [ERROR] [AI-CORE] Inference Exception: Cannot connect to host api.gemma4-hackathon.com:443 ssl:default [getaddrinfo failed]
2026-05-10 13:38:32,969 [INFO] [LIVENESS] Verifying https://logicandlegacy.blogspot.com/redis...
2026-05-10 13:38:32,969 [INFO] [PSI] Run 1/3 initiating for https://logicandlegacy.blogspot.com/redis...
2026-05-10 13:38:32,970 [INFO] [AXE] Initiating background audit for https://logicandlegacy.blogspot.com/redis...
2026-05-10 13:38:32,970 [INFO] [IMAGES] Scanning DOM for 404 image sources...
2026-05-10 13:38:32,977 [INFO] [W3C] Validating HTML structure for https://logicandlegacy.blogspot.com/redis...
2026-05-10 13:38:33,004 [ERROR] [AXE] Audit Failed: 
2026-05-10 13:38:34,932 [ERROR] [LIVENESS] Failed: HTTP 404
2026-05-10 13:38:50,558 [INFO] [PSI] Run 1 Success.
2026-05-10 13:41:20,374 [INFO] [SYSTEM] Tearing down connections...
2026-05-10 13:41:23,069 [INFO] [SYSTEM] Bootstrapping GemmaForge Orchestrator...
2026-05-10 13:44:53,315 [INFO] [SYSTEM] Tearing down connections...
