2026-05-10 16:50:37,012 [INFO] [SYSTEM] Bootstrapping GemmaForge Orchestrator...
2026-05-10 16:52:28,800 [ERROR] [AI-CORE] gemma-2-9b-it failed (404): {
  "error": {
    "code": 404,
    "message": "models/gemma-2-9b-it is not found for API version v1beta, or is not supported for generateContent. Call ListModels to see the list of available models and their supported methods.",
    "status": "NOT_FOUND"
  }
}

2026-05-10 16:52:38,585 [INFO] [SYSTEM] Tearing down connections...
2026-05-10 16:52:48,900 [INFO] [SYSTEM] Bootstrapping GemmaForge Orchestrator...
2026-05-10 16:53:19,428 [ERROR] [AI-CORE] gemma-2-27b-it failed (404): {
  "error": {
    "code": 404,
    "message": "models/gemma-2-27b-it is not found for API version v1beta, or is not supported for generateContent. Call ListModels to see the list of available models and their supported methods.",
    "status": "NOT_FOUND"
  }
}

2026-05-10 16:54:20,362 [INFO] [SYSTEM] Tearing down connections...
2026-05-10 16:54:33,082 [INFO] [SYSTEM] Bootstrapping GemmaForge Orchestrator...
2026-05-10 16:57:08,912 [ERROR] [AI-CORE] gemma-4-4b-it failed (404): {
  "error": {
    "code": 404,
    "message": "models/gemma-4-4b-it is not found for API version v1beta, or is not supported for generateContent. Call ListModels to see the list of available models and their supported methods.",
    "status": "NOT_FOUND"
  }
}

2026-05-10 17:02:08,328 [ERROR] [AI-CORE] gemma-4-4b-it failed (404): {
  "error": {
    "code": 404,
    "message": "models/gemma-4-4b-it is not found for API version v1beta, or is not supported for generateContent. Call ListModels to see the list of available models and their supported methods.",
    "status": "NOT_FOUND"
  }
}

2026-05-10 17:03:19,983 [INFO] [SYSTEM] Tearing down connections...
2026-05-10 17:03:30,389 [INFO] [SYSTEM] Bootstrapping GemmaForge Orchestrator...
2026-05-10 17:03:49,341 [INFO] [SYSTEM] Tearing down connections...
2026-05-10 17:04:01,200 [INFO] [SYSTEM] Bootstrapping GemmaForge Orchestrator...
2026-05-10 17:04:01,332 [INFO] [SYSTEM] Tearing down connections...
2026-05-10 17:04:11,656 [INFO] [SYSTEM] Bootstrapping GemmaForge Orchestrator...
2026-05-10 17:05:04,763 [ERROR] [AI-CORE] gemma-4-26b-it failed (404): {
  "error": {
    "code": 404,
    "message": "models/gemma-4-26b-it is not found for API version v1beta, or is not supported for generateContent. Call ListModels to see the list of available models and their supported methods.",
    "status": "NOT_FOUND"
  }
}

2026-05-10 17:05:04,932 [ERROR] [AI-CORE] gemma-4-26b-it failed (404): {
  "error": {
    "code": 404,
    "message": "models/gemma-4-26b-it is not found for API version v1beta, or is not supported for generateContent. Call ListModels to see the list of available models and their supported methods.",
    "status": "NOT_FOUND"
  }
}

2026-05-10 17:05:05,781 [ERROR] [AI-CORE] gemma-4-31b-it failed (500): {
  "error": {
    "code": 500,
    "message": "Internal error encountered.",
    "status": "INTERNAL"
  }
}

2026-05-10 17:05:05,782 [ERROR] [PIPELINE FATAL] Expected a string, but NoneType found
2026-05-10 17:05:22,190 [ERROR] [AI-CORE] gemma-4-4b-it failed (404): {
  "error": {
    "code": 404,
    "message": "models/gemma-4-4b-it is not found for API version v1beta, or is not supported for generateContent. Call ListModels to see the list of available models and their supported methods.",
    "status": "NOT_FOUND"
  }
}

2026-05-10 17:06:35,060 [INFO] [SYSTEM] Tearing down connections...
2026-05-10 17:06:52,217 [INFO] [SYSTEM] Bootstrapping GemmaForge Orchestrator...
2026-05-10 17:06:52,363 [INFO] [SYSTEM] Tearing down connections...
2026-05-10 17:07:09,824 [INFO] [SYSTEM] Bootstrapping GemmaForge Orchestrator...
2026-05-10 17:07:24,539 [ERROR] [AI-CORE] gemma-4-26b-a4b-it failed (500): {
  "error": {
    "code": 500,
    "message": "Internal error encountered.",
    "status": "INTERNAL"
  }
}

2026-05-10 17:08:00,276 [ERROR] [AI-CORE] gemma-4-26b-a4b-it failed (500): {
  "error": {
    "code": 500,
    "message": "Internal error encountered.",
    "status": "INTERNAL"
  }
}

2026-05-10 17:14:03,044 [INFO] [SYSTEM] Tearing down connections...
2026-05-10 17:14:22,259 [INFO] [SYSTEM] Bootstrapping GemmaForge Orchestrator...
2026-05-10 17:17:21,072 [ERROR] [AI-CORE] gemma-4-e4b-it failed (404): {
  "error": {
    "code": 404,
    "message": "models/gemma-4-e4b-it is not found for API version v1beta, or is not supported for generateContent. Call ListModels to see the list of available models and their supported methods.",
    "status": "NOT_FOUND"
  }
}

2026-05-10 17:24:08,879 [INFO] [SYSTEM] Tearing down connections...
2026-05-10 17:24:19,604 [INFO] [SYSTEM] Bootstrapping GemmaForge Orchestrator...
2026-05-10 17:24:38,352 [INFO] [SYSTEM] Tearing down connections...
2026-05-10 17:24:48,163 [INFO] [SYSTEM] Bootstrapping GemmaForge Orchestrator...
2026-05-10 17:28:15,649 [INFO] [SYSTEM] Tearing down connections...
2026-05-10 17:28:30,408 [INFO] [SYSTEM] Bootstrapping GemmaForge Orchestrator...
2026-05-10 17:32:27,048 [INFO] [SYSTEM] Tearing down connections...
2026-05-10 17:32:42,840 [INFO] [SYSTEM] Bootstrapping GemmaForge Orchestrator...
2026-05-10 17:34:22,304 [INFO] [SYSTEM] Tearing down connections...
2026-05-10 17:34:38,560 [INFO] [SYSTEM] Bootstrapping GemmaForge Orchestrator...
2026-05-10 17:39:33,315 [INFO] [SYSTEM] Tearing down connections...
2026-05-10 17:39:43,619 [INFO] [SYSTEM] Bootstrapping GemmaForge Orchestrator...
2026-05-10 17:40:07,087 [ERROR] [AI-CORE] gemma-4-31b-it failed (500): {
  "error": {
    "code": 500,
    "message": "Internal error encountered.",
    "status": "INTERNAL"
  }
}

2026-05-10 17:40:23,266 [ERROR] [AI-CORE] gemma-4-31b-it failed (500): {
  "error": {
    "code": 500,
    "message": "Internal error encountered.",
    "status": "INTERNAL"
  }
}

2026-05-10 17:40:49,002 [INFO] [SYSTEM] Tearing down connections...
2026-05-10 17:40:58,649 [INFO] [SYSTEM] Bootstrapping GemmaForge Orchestrator...
2026-05-10 17:44:47,811 [INFO] [SYSTEM] Tearing down connections...
2026-05-10 17:45:03,953 [INFO] [SYSTEM] Bootstrapping GemmaForge Orchestrator...
2026-05-10 17:45:04,107 [INFO] [SYSTEM] Tearing down connections...
2026-05-10 17:45:14,276 [INFO] [SYSTEM] Bootstrapping GemmaForge Orchestrator...
2026-05-10 17:48:10,611 [INFO] [SYSTEM] Tearing down connections...
2026-05-10 17:48:27,445 [INFO] [SYSTEM] Bootstrapping GemmaForge Orchestrator...
2026-05-10 17:50:40,372 [INFO] [SYSTEM] Tearing down connections...
2026-05-10 17:50:52,177 [INFO] [SYSTEM] Bootstrapping GemmaForge Orchestrator...
2026-05-10 17:50:52,308 [INFO] [SYSTEM] Tearing down connections...
2026-05-10 17:51:02,901 [INFO] [SYSTEM] Bootstrapping GemmaForge Orchestrator...
2026-05-10 17:51:03,023 [INFO] [SYSTEM] Tearing down connections...
2026-05-10 17:51:12,652 [INFO] [SYSTEM] Bootstrapping GemmaForge Orchestrator...
2026-05-10 17:51:50,228 [WARNING] [AI-CORE] gemma-4-31b-it transient failure (500). Retrying in 2s...
2026-05-10 17:54:10,136 [WARNING] [AI-CORE] gemma-4-31b-it transient failure (500). Retrying in 2s...
2026-05-10 17:55:28,802 [INFO] [SYSTEM] Tearing down connections...
2026-05-10 17:55:46,034 [INFO] [SYSTEM] Bootstrapping GemmaForge Orchestrator...
2026-05-10 17:55:53,621 [INFO] [SYSTEM] Tearing down connections...
2026-05-10 17:56:03,917 [INFO] [SYSTEM] Bootstrapping GemmaForge Orchestrator...
2026-05-10 17:56:41,223 [INFO] [SYSTEM] Tearing down connections...
2026-05-10 17:56:52,213 [INFO] [SYSTEM] Bootstrapping GemmaForge Orchestrator...
2026-05-10 17:56:52,337 [INFO] [SYSTEM] Tearing down connections...
2026-05-10 17:57:02,900 [INFO] [SYSTEM] Bootstrapping GemmaForge Orchestrator...
2026-05-10 17:59:49,201 [INFO] [SYSTEM] Tearing down connections...
2026-05-10 18:00:05,451 [INFO] [SYSTEM] Bootstrapping GemmaForge Orchestrator...
2026-05-10 18:02:34,510 [INFO] [SYSTEM] Tearing down connections...
